<?xml version="1.0" encoding="UTF-8"?>
<testng-results skipped="0" failed="0" ignored="0" total="1" passed="1">
  <reporter-output>
    <line>
      <![CDATA[Click to see screenshot]]>
    </line>
    <line>
      <![CDATA[<a target = "_blank" href=C:\Users\LENSES UK\IdeaProjects\master\cloned project\argos-testNG-RM/test-output/html/verifyUserShouldLoginAccountSuccessfullyTue_Jun_23_18_22_22_BST_2020.jpg>Screenshot</a>]]>
    </line>
    <line>
      <![CDATA[<br> <img src=.\screenshots\C:\Users\LENSES UK\IdeaProjects\master\cloned project\argos-testNG-RM/test-output/html/verifyUserShouldLoginAccountSuccessfullyTue_Jun_23_18_22_22_BST_2020.jpg /> <br>]]>
    </line>
    <line>
      <![CDATA[<br>]]>
    </line>
    <line>
      <![CDATA[<br>]]>
    </line>
    <line>
      <![CDATA[<a target = "_blank" href=C:\Users\LENSES UK\IdeaProjects\master\cloned project\argos-testNG-RM/test-output/html/verifyUserShouldLoginAccountSuccessfullyTue_Jun_23_18_22_22_BST_2020.jpg><img src=C:\Users\LENSES UK\IdeaProjects\master\cloned project\argos-testNG-RM/test-output/html/verifyUserShouldLoginAccountSuccessfullyTue_Jun_23_18_22_22_BST_2020.jpg height=200 width=200></img></a>]]>
    </line>
  </reporter-output>
  <suite name="testsuite" duration-ms="25048" started-at="2020-06-23T18:21:57 BST" finished-at="2020-06-23T18:22:22 BST">
    <groups>
    </groups>
    <test name="Login Test" duration-ms="25048" started-at="2020-06-23T18:21:57 BST" finished-at="2020-06-23T18:22:22 BST">
      <class name="com.argos.testsuite.LoginTest">
        <test-method status="PASS" signature="openBrowser()[pri:0, instance:com.argos.testsuite.LoginTest@5c5a1b69]" name="openBrowser" is-config="true" duration-ms="20322" started-at="2020-06-23T18:21:57 BST" finished-at="2020-06-23T18:22:18 BST">
          <reporter-output>
          </reporter-output>
        </test-method> <!-- openBrowser -->
        <test-method status="PASS" signature="verifyUserShouldLoginAccountSuccessfully()[pri:0, instance:com.argos.testsuite.LoginTest@5c5a1b69]" name="verifyUserShouldLoginAccountSuccessfully" duration-ms="1720" started-at="2020-06-23T18:22:18 BST" finished-at="2020-06-23T18:22:19 BST">
          <reporter-output>
            <line>
              <![CDATA[Click to see screenshot]]>
            </line>
            <line>
              <![CDATA[<a target = "_blank" href=C:\Users\LENSES UK\IdeaProjects\master\cloned project\argos-testNG-RM/test-output/html/verifyUserShouldLoginAccountSuccessfullyTue_Jun_23_18_22_22_BST_2020.jpg>Screenshot</a>]]>
            </line>
            <line>
              <![CDATA[<br> <img src=.\screenshots\C:\Users\LENSES UK\IdeaProjects\master\cloned project\argos-testNG-RM/test-output/html/verifyUserShouldLoginAccountSuccessfullyTue_Jun_23_18_22_22_BST_2020.jpg /> <br>]]>
            </line>
            <line>
              <![CDATA[<br>]]>
            </line>
            <line>
              <![CDATA[<br>]]>
            </line>
            <line>
              <![CDATA[<a target = "_blank" href=C:\Users\LENSES UK\IdeaProjects\master\cloned project\argos-testNG-RM/test-output/html/verifyUserShouldLoginAccountSuccessfullyTue_Jun_23_18_22_22_BST_2020.jpg><img src=C:\Users\LENSES UK\IdeaProjects\master\cloned project\argos-testNG-RM/test-output/html/verifyUserShouldLoginAccountSuccessfullyTue_Jun_23_18_22_22_BST_2020.jpg height=200 width=200></img></a>]]>
            </line>
          </reporter-output>
        </test-method> <!-- verifyUserShouldLoginAccountSuccessfully -->
        <test-method status="PASS" signature="tearDown()[pri:0, instance:com.argos.testsuite.LoginTest@5c5a1b69]" name="tearDown" is-config="true" duration-ms="1" started-at="2020-06-23T18:22:22 BST" finished-at="2020-06-23T18:22:22 BST">
          <reporter-output>
          </reporter-output>
        </test-method> <!-- tearDown -->
      </class> <!-- com.argos.testsuite.LoginTest -->
    </test> <!-- Login Test -->
  </suite> <!-- testsuite -->
</testng-results>
